[2022-11-15T22:28:55.443Z] Log level: Info
[2022-11-15T22:28:55.447Z] [info] Validating found git in: git
[2022-11-15T22:28:55.563Z] [info] Using git 2.30.2 from git
[2022-11-15T22:28:55.709Z] > git rev-parse --show-toplevel [38ms]
[2022-11-15T22:28:55.745Z] > git rev-parse --git-dir --git-common-dir [12ms]
[2022-11-15T22:28:55.756Z] [info] Open repository: /home/user
[2022-11-15T22:28:55.902Z] > git status -z -uall [106ms]
[2022-11-15T22:28:55.941Z] > git symbolic-ref --short HEAD [19ms]
[2022-11-15T22:28:55.985Z] > git fetch [208ms]
[2022-11-15T22:28:55.985Z] > git for-each-ref --format=%(refname)%00%(upstream:short)%00%(objectname)%00%(upstream:track)%00%(upstream:remotename)%00%(upstream:remoteref) refs/heads/master refs/remotes/master [21ms]
[2022-11-15T22:28:56.061Z] > git for-each-ref --sort -committerdate --format %(refname) %(objectname) %(*objectname) [55ms]
[2022-11-15T22:28:56.067Z] > git remote --verbose [44ms]
[2022-11-15T22:28:56.105Z] > git config --get commit.template [2ms]
[2022-11-15T22:28:56.196Z] > git status -z -uall [74ms]
[2022-11-15T22:28:56.226Z] > git symbolic-ref --short HEAD [5ms]
[2022-11-15T22:28:56.267Z] > git for-each-ref --format=%(refname)%00%(upstream:short)%00%(objectname)%00%(upstream:track)%00%(upstream:remotename)%00%(upstream:remoteref) refs/heads/master refs/remotes/master [8ms]
[2022-11-15T22:28:56.312Z] > git for-each-ref --sort -committerdate --format %(refname) %(objectname) %(*objectname) [23ms]
[2022-11-15T22:28:56.314Z] > git remote --verbose [7ms]
[2022-11-15T22:28:56.362Z] > git config --get commit.template [23ms]
[2022-11-15T22:28:57.323Z] > git show --textconv :projects/products_manager/webapp/Component.js [25ms]
[2022-11-15T22:28:57.325Z] > git ls-files --stage -- /home/user/projects/products_manager/webapp/Component.js [5ms]
[2022-11-15T22:28:57.357Z] > git cat-file -s faaace208ab3656a74130917abce803c9803949d [2ms]
[2022-11-15T22:28:57.759Z] > git check-ignore -v -z --stdin [23ms]
[2022-11-15T22:28:58.057Z] > git ls-files --stage -- /home/user/projects/products_manager/webapp/Component.js [10ms]
[2022-11-15T22:28:58.088Z] > git cat-file -s faaace208ab3656a74130917abce803c9803949d [2ms]
[2022-11-15T22:28:58.270Z] > git show --textconv :projects/products_manager/webapp/Component.js [3ms]
[2022-11-15T22:28:59.076Z] > git check-ignore -v -z --stdin [6ms]
[2022-11-15T22:29:00.285Z] > git status -z -uall [26ms]
[2022-11-15T22:29:00.306Z] > git symbolic-ref --short HEAD [1ms]
[2022-11-15T22:29:00.327Z] > git for-each-ref --format=%(refname)%00%(upstream:short)%00%(objectname)%00%(upstream:track)%00%(upstream:remotename)%00%(upstream:remoteref) refs/heads/master refs/remotes/master [1ms]
[2022-11-15T22:29:00.364Z] > git for-each-ref --sort -committerdate --format %(refname) %(objectname) %(*objectname) [18ms]
[2022-11-15T22:29:00.364Z] > git remote --verbose [1ms]
[2022-11-15T22:29:00.385Z] > git config --get commit.template [0ms]
[2022-11-15T22:29:01.223Z] > git check-ignore -v -z --stdin [2ms]
[2022-11-15T22:29:05.426Z] > git status -z -uall [22ms]
[2022-11-15T22:29:05.442Z] > git symbolic-ref --short HEAD [1ms]
[2022-11-15T22:29:05.457Z] > git for-each-ref --format=%(refname)%00%(upstream:short)%00%(objectname)%00%(upstream:track)%00%(upstream:remotename)%00%(upstream:remoteref) refs/heads/master refs/remotes/master [1ms]
[2022-11-15T22:29:05.483Z] > git for-each-ref --sort -committerdate --format %(refname) %(objectname) %(*objectname) [13ms]
[2022-11-15T22:29:05.483Z] > git remote --verbose [1ms]
[2022-11-15T22:29:05.501Z] > git config --get commit.template [1ms]
[2022-11-15T22:29:08.537Z] > git push [2ms]
[2022-11-15T22:29:08.537Z] fatal: The current branch master has no upstream branch.
To push the current branch and set the remote as upstream, use

    git push --set-upstream origin master
[2022-11-15T22:29:10.542Z] > git status -z -uall [22ms]
[2022-11-15T22:29:10.560Z] > git symbolic-ref --short HEAD [1ms]
[2022-11-15T22:29:10.577Z] > git for-each-ref --format=%(refname)%00%(upstream:short)%00%(objectname)%00%(upstream:track)%00%(upstream:remotename)%00%(upstream:remoteref) refs/heads/master refs/remotes/master [1ms]
[2022-11-15T22:29:10.613Z] > git for-each-ref --sort -committerdate --format %(refname) %(objectname) %(*objectname) [16ms]
[2022-11-15T22:29:10.613Z] > git remote --verbose [1ms]
[2022-11-15T22:29:10.632Z] > git config --get commit.template [1ms]
[2022-11-15T22:29:15.627Z] > git push -u origin master [4445ms]
[2022-11-15T22:29:15.627Z] /bin/bash: warning: setlocale: LC_ALL: cannot change locale (en_US.UTF-8)
/bin/bash: warning: setlocale: LC_ALL: cannot change locale (en_US.UTF-8)
remote: Permission to cesar-mg/Taller6_SisEmp.git denied to cesar-mg.
fatal: unable to access 'https://github.com/cesar-mg/Taller6_SisEmp/': The requested URL returned error: 403
[2022-11-15T22:29:15.671Z] > git status -z -uall [21ms]
[2022-11-15T22:29:15.688Z] > git symbolic-ref --short HEAD [1ms]
[2022-11-15T22:29:15.704Z] > git for-each-ref --format=%(refname)%00%(upstream:short)%00%(objectname)%00%(upstream:track)%00%(upstream:remotename)%00%(upstream:remoteref) refs/heads/master refs/remotes/master [1ms]
[2022-11-15T22:29:15.730Z] > git for-each-ref --sort -committerdate --format %(refname) %(objectname) %(*objectname) [13ms]
[2022-11-15T22:29:15.731Z] > git remote --verbose [1ms]
[2022-11-15T22:29:15.748Z] > git config --get commit.template [1ms]
[2022-11-15T22:29:20.788Z] > git status -z -uall [21ms]
[2022-11-15T22:29:20.807Z] > git symbolic-ref --short HEAD [1ms]
[2022-11-15T22:29:20.823Z] > git for-each-ref --format=%(refname)%00%(upstream:short)%00%(objectname)%00%(upstream:track)%00%(upstream:remotename)%00%(upstream:remoteref) refs/heads/master refs/remotes/master [1ms]
[2022-11-15T22:29:20.855Z] > git for-each-ref --sort -committerdate --format %(refname) %(objectname) %(*objectname) [17ms]
[2022-11-15T22:29:20.856Z] > git remote --verbose [2ms]
[2022-11-15T22:29:20.874Z] > git config --get commit.template [1ms]
[2022-11-15T22:29:25.914Z] > git status -z -uall [21ms]
[2022-11-15T22:29:25.930Z] > git symbolic-ref --short HEAD [1ms]
[2022-11-15T22:29:25.945Z] > git for-each-ref --format=%(refname)%00%(upstream:short)%00%(objectname)%00%(upstream:track)%00%(upstream:remotename)%00%(upstream:remoteref) refs/heads/master refs/remotes/master [1ms]
[2022-11-15T22:29:25.974Z] > git for-each-ref --sort -committerdate --format %(refname) %(objectname) %(*objectname) [16ms]
[2022-11-15T22:29:25.975Z] > git remote --verbose [1ms]
[2022-11-15T22:29:25.991Z] > git config --get commit.template [1ms]
[2022-11-15T22:29:31.031Z] > git status -z -uall [21ms]
[2022-11-15T22:29:31.048Z] > git symbolic-ref --short HEAD [1ms]
[2022-11-15T22:29:31.064Z] > git for-each-ref --format=%(refname)%00%(upstream:short)%00%(objectname)%00%(upstream:track)%00%(upstream:remotename)%00%(upstream:remoteref) refs/heads/master refs/remotes/master [1ms]
[2022-11-15T22:29:31.096Z] > git for-each-ref --sort -committerdate --format %(refname) %(objectname) %(*objectname) [17ms]
[2022-11-15T22:29:31.096Z] > git remote --verbose [1ms]
[2022-11-15T22:29:31.113Z] > git config --get commit.template [1ms]
[2022-11-15T22:29:34.017Z] > git push [19ms]
[2022-11-15T22:29:34.017Z] fatal: The current branch master has no upstream branch.
To push the current branch and set the remote as upstream, use

    git push --set-upstream origin master
[2022-11-15T22:29:42.853Z] > git push -u origin master [7297ms]
[2022-11-15T22:29:42.853Z] /bin/bash: warning: setlocale: LC_ALL: cannot change locale (en_US.UTF-8)
/bin/bash: warning: setlocale: LC_ALL: cannot change locale (en_US.UTF-8)
/bin/bash: warning: setlocale: LC_ALL: cannot change locale (en_US.UTF-8)
remote: Support for password authentication was removed on August 13, 2021.
remote: Please see https://docs.github.com/en/get-started/getting-started-with-git/about-remote-repositories#cloning-with-https-urls for information on currently recommended modes of authentication.
fatal: Authentication failed for 'https://github.com/cesar-mg/Taller6_SisEmp/'
[2022-11-15T22:29:42.899Z] > git status -z -uall [23ms]
[2022-11-15T22:29:42.917Z] > git symbolic-ref --short HEAD [1ms]
[2022-11-15T22:29:42.932Z] > git for-each-ref --format=%(refname)%00%(upstream:short)%00%(objectname)%00%(upstream:track)%00%(upstream:remotename)%00%(upstream:remoteref) refs/heads/master refs/remotes/master [1ms]
[2022-11-15T22:29:42.960Z] > git remote --verbose [2ms]
[2022-11-15T22:29:42.960Z] > git for-each-ref --sort -committerdate --format %(refname) %(objectname) %(*objectname) [15ms]
[2022-11-15T22:29:42.980Z] > git config --get commit.template [1ms]
[2022-11-15T22:29:48.023Z] > git status -z -uall [22ms]
[2022-11-15T22:29:48.041Z] > git symbolic-ref --short HEAD [1ms]
[2022-11-15T22:29:48.057Z] > git for-each-ref --format=%(refname)%00%(upstream:short)%00%(objectname)%00%(upstream:track)%00%(upstream:remotename)%00%(upstream:remoteref) refs/heads/master refs/remotes/master [2ms]
[2022-11-15T22:29:48.083Z] > git for-each-ref --sort -committerdate --format %(refname) %(objectname) %(*objectname) [13ms]
[2022-11-15T22:29:48.084Z] > git remote --verbose [2ms]
[2022-11-15T22:29:48.100Z] > git config --get commit.template [1ms]
[2022-11-15T22:31:13.457Z] > git status -z -uall [26ms]
[2022-11-15T22:31:13.478Z] > git symbolic-ref --short HEAD [2ms]
[2022-11-15T22:31:13.497Z] > git for-each-ref --format=%(refname)%00%(upstream:short)%00%(objectname)%00%(upstream:track)%00%(upstream:remotename)%00%(upstream:remoteref) refs/heads/master refs/remotes/master [4ms]
[2022-11-15T22:31:13.525Z] > git for-each-ref --sort -committerdate --format %(refname) %(objectname) %(*objectname) [14ms]
[2022-11-15T22:31:13.526Z] > git remote --verbose [2ms]
[2022-11-15T22:31:13.543Z] > git config --get commit.template [1ms]
[2022-11-15T22:31:18.584Z] > git status -z -uall [23ms]
[2022-11-15T22:31:18.600Z] > git symbolic-ref --short HEAD [1ms]
[2022-11-15T22:31:18.614Z] > git for-each-ref --format=%(refname)%00%(upstream:short)%00%(objectname)%00%(upstream:track)%00%(upstream:remotename)%00%(upstream:remoteref) refs/heads/master refs/remotes/master [1ms]
[2022-11-15T22:31:18.639Z] > git for-each-ref --sort -committerdate --format %(refname) %(objectname) %(*objectname) [13ms]
[2022-11-15T22:31:18.640Z] > git remote --verbose [2ms]
[2022-11-15T22:31:18.656Z] > git config --get commit.template [1ms]
[2022-11-15T22:31:23.696Z] > git status -z -uall [22ms]
[2022-11-15T22:31:23.712Z] > git symbolic-ref --short HEAD [1ms]
[2022-11-15T22:31:23.726Z] > git for-each-ref --format=%(refname)%00%(upstream:short)%00%(objectname)%00%(upstream:track)%00%(upstream:remotename)%00%(upstream:remoteref) refs/heads/master refs/remotes/master [1ms]
[2022-11-15T22:31:23.750Z] > git for-each-ref --sort -committerdate --format %(refname) %(objectname) %(*objectname) [12ms]
[2022-11-15T22:31:23.750Z] > git remote --verbose [1ms]
[2022-11-15T22:31:23.765Z] > git config --get commit.template [1ms]
[2022-11-15T22:31:28.810Z] > git status -z -uall [21ms]
[2022-11-15T22:31:28.827Z] > git symbolic-ref --short HEAD [2ms]
[2022-11-15T22:31:28.841Z] > git for-each-ref --format=%(refname)%00%(upstream:short)%00%(objectname)%00%(upstream:track)%00%(upstream:remotename)%00%(upstream:remoteref) refs/heads/master refs/remotes/master [1ms]
[2022-11-15T22:31:28.865Z] > git for-each-ref --sort -committerdate --format %(refname) %(objectname) %(*objectname) [12ms]
[2022-11-15T22:31:28.866Z] > git remote --verbose [2ms]
[2022-11-15T22:31:28.885Z] > git config --get commit.template [3ms]
[2022-11-15T22:31:29.429Z] > git push [2ms]
[2022-11-15T22:31:29.429Z] fatal: The current branch master has no upstream branch.
To push the current branch and set the remote as upstream, use

    git push --set-upstream origin master
[2022-11-15T22:31:38.181Z] > git push -u origin master [6734ms]
[2022-11-15T22:31:38.181Z] /bin/bash: warning: setlocale: LC_ALL: cannot change locale (en_US.UTF-8)
/bin/bash: warning: setlocale: LC_ALL: cannot change locale (en_US.UTF-8)
remote: Permission to cesar-mg/Taller6_SisEmp.git denied to cesar-mg.
fatal: unable to access 'https://github.com/cesar-mg/Taller6_SisEmp/': The requested URL returned error: 403
[2022-11-15T22:31:38.221Z] > git status -z -uall [21ms]
[2022-11-15T22:31:38.236Z] > git symbolic-ref --short HEAD [1ms]
[2022-11-15T22:31:38.251Z] > git for-each-ref --format=%(refname)%00%(upstream:short)%00%(objectname)%00%(upstream:track)%00%(upstream:remotename)%00%(upstream:remoteref) refs/heads/master refs/remotes/master [1ms]
[2022-11-15T22:31:38.278Z] > git for-each-ref --sort -committerdate --format %(refname) %(objectname) %(*objectname) [13ms]
[2022-11-15T22:31:38.280Z] > git remote --verbose [3ms]
[2022-11-15T22:31:38.295Z] > git config --get commit.template [1ms]
[2022-11-15T22:31:43.336Z] > git status -z -uall [21ms]
[2022-11-15T22:31:43.353Z] > git symbolic-ref --short HEAD [2ms]
[2022-11-15T22:31:43.367Z] > git for-each-ref --format=%(refname)%00%(upstream:short)%00%(objectname)%00%(upstream:track)%00%(upstream:remotename)%00%(upstream:remoteref) refs/heads/master refs/remotes/master [1ms]
[2022-11-15T22:31:43.395Z] > git for-each-ref --sort -committerdate --format %(refname) %(objectname) %(*objectname) [15ms]
[2022-11-15T22:31:43.395Z] > git remote --verbose [1ms]
[2022-11-15T22:31:43.410Z] > git config --get commit.template [1ms]
[2022-11-15T22:31:55.285Z] > git push -u origin master [8605ms]
[2022-11-15T22:31:55.285Z] /bin/bash: warning: setlocale: LC_ALL: cannot change locale (en_US.UTF-8)
/bin/bash: warning: setlocale: LC_ALL: cannot change locale (en_US.UTF-8)
/bin/bash: warning: setlocale: LC_ALL: cannot change locale (en_US.UTF-8)
remote: Support for password authentication was removed on August 13, 2021.
remote: Please see https://docs.github.com/en/get-started/getting-started-with-git/about-remote-repositories#cloning-with-https-urls for information on currently recommended modes of authentication.
fatal: Authentication failed for 'https://github.com/cesar-mg/Taller6_SisEmp/'
[2022-11-15T22:31:55.326Z] > git status -z -uall [22ms]
[2022-11-15T22:31:55.343Z] > git symbolic-ref --short HEAD [1ms]
[2022-11-15T22:31:55.359Z] > git for-each-ref --format=%(refname)%00%(upstream:short)%00%(objectname)%00%(upstream:track)%00%(upstream:remotename)%00%(upstream:remoteref) refs/heads/master refs/remotes/master [2ms]
[2022-11-15T22:31:55.386Z] > git for-each-ref --sort -committerdate --format %(refname) %(objectname) %(*objectname) [13ms]
[2022-11-15T22:31:55.387Z] > git remote --verbose [1ms]
[2022-11-15T22:31:55.404Z] > git config --get commit.template [1ms]
[2022-11-15T22:31:56.511Z] > git fetch [130ms]
[2022-11-15T22:31:56.549Z] > git status -z -uall [21ms]
[2022-11-15T22:31:56.567Z] > git symbolic-ref --short HEAD [2ms]
[2022-11-15T22:31:56.583Z] > git for-each-ref --format=%(refname)%00%(upstream:short)%00%(objectname)%00%(upstream:track)%00%(upstream:remotename)%00%(upstream:remoteref) refs/heads/master refs/remotes/master [2ms]
[2022-11-15T22:31:56.608Z] > git for-each-ref --sort -committerdate --format %(refname) %(objectname) %(*objectname) [12ms]
[2022-11-15T22:31:56.609Z] > git remote --verbose [2ms]
[2022-11-15T22:31:56.656Z] > git config --get commit.template [1ms]
[2022-11-15T22:31:57.830Z] > git ls-files --stage -- /home/user/projects/products_manager/webapp/Component.js [2ms]
[2022-11-15T22:31:57.845Z] > git cat-file -s faaace208ab3656a74130917abce803c9803949d [1ms]
[2022-11-15T22:31:57.971Z] > git show --textconv :projects/products_manager/webapp/Component.js [3ms]
[2022-11-15T22:32:00.443Z] > git status -z -uall [21ms]
[2022-11-15T22:32:00.460Z] > git symbolic-ref --short HEAD [2ms]
[2022-11-15T22:32:00.476Z] > git for-each-ref --format=%(refname)%00%(upstream:short)%00%(objectname)%00%(upstream:track)%00%(upstream:remotename)%00%(upstream:remoteref) refs/heads/master refs/remotes/master [1ms]
[2022-11-15T22:32:00.503Z] > git for-each-ref --sort -committerdate --format %(refname) %(objectname) %(*objectname) [13ms]
[2022-11-15T22:32:00.503Z] > git remote --verbose [1ms]
[2022-11-15T22:32:00.517Z] > git config --get commit.template [1ms]
[2022-11-15T22:32:10.486Z] > git push -u origin master [7188ms]
[2022-11-15T22:32:10.486Z] /bin/bash: warning: setlocale: LC_ALL: cannot change locale (en_US.UTF-8)
/bin/bash: warning: setlocale: LC_ALL: cannot change locale (en_US.UTF-8)
remote: Permission to cesar-mg/Taller6_SisEmp.git denied to cesar-mg.
fatal: unable to access 'https://github.com/cesar-mg/Taller6_SisEmp/': The requested URL returned error: 403
[2022-11-15T22:32:10.526Z] > git status -z -uall [21ms]
[2022-11-15T22:32:10.543Z] > git symbolic-ref --short HEAD [1ms]
[2022-11-15T22:32:10.562Z] > git for-each-ref --format=%(refname)%00%(upstream:short)%00%(objectname)%00%(upstream:track)%00%(upstream:remotename)%00%(upstream:remoteref) refs/heads/master refs/remotes/master [1ms]
[2022-11-15T22:32:10.595Z] > git for-each-ref --sort -committerdate --format %(refname) %(objectname) %(*objectname) [15ms]
[2022-11-15T22:32:10.595Z] > git remote --verbose [1ms]
[2022-11-15T22:32:10.612Z] > git config --get commit.template [1ms]
[2022-11-15T22:32:15.661Z] > git status -z -uall [24ms]
[2022-11-15T22:32:15.684Z] > git symbolic-ref --short HEAD [1ms]
[2022-11-15T22:32:15.707Z] > git for-each-ref --format=%(refname)%00%(upstream:short)%00%(objectname)%00%(upstream:track)%00%(upstream:remotename)%00%(upstream:remoteref) refs/heads/master refs/remotes/master [1ms]
[2022-11-15T22:32:15.744Z] > git for-each-ref --sort -committerdate --format %(refname) %(objectname) %(*objectname) [19ms]
[2022-11-15T22:32:15.744Z] > git remote --verbose [3ms]
[2022-11-15T22:32:15.769Z] > git config --get commit.template [2ms]
[2022-11-15T22:33:03.049Z] > git status -z -uall [30ms]
[2022-11-15T22:33:03.072Z] > git symbolic-ref --short HEAD [2ms]
[2022-11-15T22:33:03.093Z] > git for-each-ref --format=%(refname)%00%(upstream:short)%00%(objectname)%00%(upstream:track)%00%(upstream:remotename)%00%(upstream:remoteref) refs/heads/master refs/remotes/master [2ms]
[2022-11-15T22:33:03.125Z] > git for-each-ref --sort -committerdate --format %(refname) %(objectname) %(*objectname) [16ms]
[2022-11-15T22:33:03.125Z] > git remote --verbose [1ms]
[2022-11-15T22:33:03.145Z] > git config --get commit.template [1ms]
[2022-11-15T22:33:08.189Z] > git status -z -uall [22ms]
[2022-11-15T22:33:08.206Z] > git symbolic-ref --short HEAD [1ms]
[2022-11-15T22:33:08.225Z] > git for-each-ref --format=%(refname)%00%(upstream:short)%00%(objectname)%00%(upstream:track)%00%(upstream:remotename)%00%(upstream:remoteref) refs/heads/master refs/remotes/master [1ms]
[2022-11-15T22:33:08.251Z] > git for-each-ref --sort -committerdate --format %(refname) %(objectname) %(*objectname) [12ms]
[2022-11-15T22:33:08.252Z] > git remote --verbose [1ms]
[2022-11-15T22:33:08.268Z] > git config --get commit.template [1ms]
[2022-11-15T22:33:12.933Z] > git show --textconv HEAD:.vscode/data/logs/20221115T212741/exthost2/exthost.log [16ms]
[2022-11-15T22:33:12.935Z] > git ls-tree -l HEAD -- /home/user/.vscode/data/logs/20221115T212741/exthost2/exthost.log [3ms]
[2022-11-15T22:33:13.311Z] > git status -z -uall [25ms]
[2022-11-15T22:33:13.329Z] > git symbolic-ref --short HEAD [2ms]
[2022-11-15T22:33:13.348Z] > git for-each-ref --format=%(refname)%00%(upstream:short)%00%(objectname)%00%(upstream:track)%00%(upstream:remotename)%00%(upstream:remoteref) refs/heads/master refs/remotes/master [2ms]
[2022-11-15T22:33:13.379Z] > git remote --verbose [2ms]
[2022-11-15T22:33:13.380Z] > git for-each-ref --sort -committerdate --format %(refname) %(objectname) %(*objectname) [18ms]
[2022-11-15T22:33:13.400Z] > git config --get commit.template [1ms]
[2022-11-15T22:33:13.459Z] > git check-ignore -v -z --stdin [3ms]
[2022-11-15T22:33:18.445Z] > git status -z -uall [26ms]
[2022-11-15T22:33:18.464Z] > git symbolic-ref --short HEAD [1ms]
[2022-11-15T22:33:18.482Z] > git for-each-ref --format=%(refname)%00%(upstream:short)%00%(objectname)%00%(upstream:track)%00%(upstream:remotename)%00%(upstream:remoteref) refs/heads/master refs/remotes/master [2ms]
[2022-11-15T22:33:18.515Z] > git for-each-ref --sort -committerdate --format %(refname) %(objectname) %(*objectname) [17ms]
[2022-11-15T22:33:18.515Z] > git remote --verbose [1ms]
[2022-11-15T22:33:18.534Z] > git config --get commit.template [1ms]
[2022-11-15T22:33:23.575Z] > git status -z -uall [22ms]
[2022-11-15T22:33:23.593Z] > git symbolic-ref --short HEAD [1ms]
[2022-11-15T22:33:23.609Z] > git for-each-ref --format=%(refname)%00%(upstream:short)%00%(objectname)%00%(upstream:track)%00%(upstream:remotename)%00%(upstream:remoteref) refs/heads/master refs/remotes/master [1ms]
[2022-11-15T22:33:23.637Z] > git for-each-ref --sort -committerdate --format %(refname) %(objectname) %(*objectname) [15ms]
[2022-11-15T22:33:23.638Z] > git remote --verbose [2ms]
[2022-11-15T22:33:23.654Z] > git config --get commit.template [0ms]
[2022-11-15T22:33:27.471Z] > git check-ignore -v -z --stdin [3ms]
[2022-11-15T22:33:28.326Z] > git check-ignore -v -z --stdin [5ms]
[2022-11-15T22:33:28.695Z] > git status -z -uall [22ms]
[2022-11-15T22:33:28.716Z] > git symbolic-ref --short HEAD [1ms]
[2022-11-15T22:33:28.735Z] > git for-each-ref --format=%(refname)%00%(upstream:short)%00%(objectname)%00%(upstream:track)%00%(upstream:remotename)%00%(upstream:remoteref) refs/heads/master refs/remotes/master [1ms]
[2022-11-15T22:33:28.761Z] > git for-each-ref --sort -committerdate --format %(refname) %(objectname) %(*objectname) [13ms]
[2022-11-15T22:33:28.762Z] > git remote --verbose [2ms]
[2022-11-15T22:33:28.778Z] > git config --get commit.template [1ms]
[2022-11-15T22:33:33.818Z] > git status -z -uall [21ms]
[2022-11-15T22:33:33.834Z] > git symbolic-ref --short HEAD [1ms]
[2022-11-15T22:33:33.849Z] > git for-each-ref --format=%(refname)%00%(upstream:short)%00%(objectname)%00%(upstream:track)%00%(upstream:remotename)%00%(upstream:remoteref) refs/heads/master refs/remotes/master [2ms]
[2022-11-15T22:33:33.875Z] > git for-each-ref --sort -committerdate --format %(refname) %(objectname) %(*objectname) [14ms]
[2022-11-15T22:33:33.876Z] > git remote --verbose [1ms]
[2022-11-15T22:33:33.891Z] > git config --get commit.template [1ms]
[2022-11-15T22:33:36.043Z] > git check-ignore -v -z --stdin [4ms]
[2022-11-15T22:33:38.938Z] > git status -z -uall [28ms]
[2022-11-15T22:33:38.956Z] > git symbolic-ref --short HEAD [2ms]
[2022-11-15T22:33:38.973Z] > git for-each-ref --format=%(refname)%00%(upstream:short)%00%(objectname)%00%(upstream:track)%00%(upstream:remotename)%00%(upstream:remoteref) refs/heads/master refs/remotes/master [2ms]
[2022-11-15T22:33:38.999Z] > git for-each-ref --sort -committerdate --format %(refname) %(objectname) %(*objectname) [13ms]
[2022-11-15T22:33:39.000Z] > git remote --verbose [2ms]
[2022-11-15T22:33:39.014Z] > git config --get commit.template [1ms]
