21:28:16 [INFO] - Running activation sequence for Fiori tools - Application Modeler
21:28:16 [INFO] - Configurations: 'sap.ux.applicationModeler.showJsonSchemas': false; isTheia(): false; isAppStudio(): true
21:28:17 [INFO] - Register Fiori tools file system for configurations...
21:28:17 [INFO] - ...Fiori tools file system registered in 0.772ms
21:28:17 [INFO] - Register views for configurations...
21:28:17 [INFO] - ...views for configurations registered in 1.992ms
21:28:17 [INFO] - Register commands...
21:28:17 [INFO] - ...commands registered in 6.548ms
21:28:17 [INFO] - Activating sync module...
21:28:17 [INFO] - Virtual file system ftfs initialized in 0.207ms
21:28:17 [INFO] - Searching for projects in these workspace folders: 
[ '/home/user' ]
21:28:18 [INFO] - Project added /home/user/projects/products_manager
21:28:18 [INFO] - SAP UX projects found and added in 1237.478ms
21:28:18 [INFO] - Start watching **/package.json
21:28:18 [INFO] - package.json watched in 0.912ms
21:28:18 [INFO] - Start watching for workspace folder changes
21:28:18 [INFO] - Workspace folders watched in 0.591ms
21:28:18 [INFO] - Configs watched in 0.295ms
21:28:18 [INFO] - ...sync module activated in 1241.492ms
21:28:18 [INFO] - Activating launch config integration
21:28:18 [INFO] - Handler for Fiori launch configuration registered
21:28:18 [INFO] - ...launch config integration activated in 0.850ms
21:28:18 [INFO] - Activating migration module...
21:28:18 [INFO] - SAP Fiori tools - Application Modeler
'Migration start watching for workspace folder changes'
21:28:18 [INFO] - Workspace folders watched in 0.604ms
21:28:18 [INFO] - SAP Fiori tools - Application Modeler
'Migration start watching **/package.json'
21:28:18 [INFO] - package.json watched in 0.691ms
21:28:18 [INFO] - SAP Fiori tools - Application Modeler
'Migration start watching **/pom.xml'
21:28:18 [INFO] - pom.xml watched in 0.588ms
21:28:18 [INFO] - SAP Fiori tools - Application Modeler
'Migration start watching **/neo-app.json'
21:28:18 [INFO] - WATCH_NEO_APP_JSON_CHANGES in 0.525ms
21:28:20 [INFO] - ...migration module activated in 1696.717ms
21:28:20 [INFO] - activation sequence for Fiori tools - Application Modeler done in 3943.347ms
