14:09:39 [INFO] - Running activation sequence for Fiori tools - Application Modeler
14:09:39 [INFO] - Configurations: 'sap.ux.applicationModeler.showJsonSchemas': false; isTheia(): false; isAppStudio(): true
14:09:39 [INFO] - Register Fiori tools file system for configurations...
14:09:39 [INFO] - ...Fiori tools file system registered in 0.682ms
14:09:39 [INFO] - Register views for configurations...
14:09:39 [INFO] - ...views for configurations registered in 0.793ms
14:09:39 [INFO] - Register commands...
14:09:39 [INFO] - ...commands registered in 3.704ms
14:09:39 [INFO] - Activating sync module...
14:09:39 [INFO] - Virtual file system ftfs initialized in 0.199ms
14:09:39 [INFO] - Searching for projects in these workspace folders: 
[ '/home/user' ]
14:09:40 [INFO] - Project added /home/user/projects/products_manager
14:09:40 [INFO] - SAP UX projects found and added in 727.409ms
14:09:40 [INFO] - Start watching **/package.json
14:09:40 [INFO] - package.json watched in 0.765ms
14:09:40 [INFO] - Start watching for workspace folder changes
14:09:40 [INFO] - Workspace folders watched in 0.713ms
14:09:40 [INFO] - Configs watched in 0.165ms
14:09:40 [INFO] - ...sync module activated in 731.600ms
14:09:40 [INFO] - Activating launch config integration
14:09:40 [INFO] - Handler for Fiori launch configuration registered
14:09:40 [INFO] - ...launch config integration activated in 0.874ms
14:09:40 [INFO] - Activating migration module...
14:09:40 [INFO] - SAP Fiori tools - Application Modeler
'Migration start watching for workspace folder changes'
14:09:40 [INFO] - Workspace folders watched in 0.443ms
14:09:40 [INFO] - SAP Fiori tools - Application Modeler
'Migration start watching **/package.json'
14:09:40 [INFO] - package.json watched in 0.786ms
14:09:40 [INFO] - SAP Fiori tools - Application Modeler
'Migration start watching **/pom.xml'
14:09:40 [INFO] - pom.xml watched in 0.513ms
14:09:40 [INFO] - SAP Fiori tools - Application Modeler
'Migration start watching **/neo-app.json'
14:09:40 [INFO] - WATCH_NEO_APP_JSON_CHANGES in 0.571ms
14:09:41 [INFO] - ...migration module activated in 1403.961ms
14:09:41 [INFO] - activation sequence for Fiori tools - Application Modeler done in 3101.504ms
