13:10:42 [INFO] - Running activation sequence for Fiori tools - Application Modeler
13:10:42 [INFO] - Configurations: 'sap.ux.applicationModeler.showJsonSchemas': false; isTheia(): false; isAppStudio(): true
13:10:43 [INFO] - Register Fiori tools file system for configurations...
13:10:43 [INFO] - ...Fiori tools file system registered in 0.708ms
13:10:43 [INFO] - Register views for configurations...
13:10:43 [INFO] - ...views for configurations registered in 1.046ms
13:10:43 [INFO] - Register commands...
13:10:43 [INFO] - ...commands registered in 4.182ms
13:10:43 [INFO] - Activating sync module...
13:10:43 [INFO] - Virtual file system ftfs initialized in 0.139ms
13:10:43 [INFO] - SAP UX projects found and added in 0.465ms
13:10:43 [INFO] - Start watching **/package.json
13:10:43 [INFO] - package.json watched in 0.704ms
13:10:43 [INFO] - Start watching for workspace folder changes
13:10:43 [INFO] - Workspace folders watched in 0.475ms
13:10:43 [INFO] - Configs watched in 0.180ms
13:10:43 [INFO] - ...sync module activated in 6.888ms
13:10:43 [INFO] - Activating launch config integration
13:10:43 [INFO] - Handler for Fiori launch configuration registered
13:10:43 [INFO] - ...launch config integration activated in 1.547ms
13:10:43 [INFO] - Activating migration module...
13:10:43 [INFO] - SAP Fiori tools - Application Modeler
'Migration start watching for workspace folder changes'
13:10:43 [INFO] - Workspace folders watched in 0.525ms
13:10:43 [INFO] - SAP Fiori tools - Application Modeler
'Migration start watching **/package.json'
13:10:43 [INFO] - package.json watched in 0.451ms
13:10:43 [INFO] - SAP Fiori tools - Application Modeler
'Migration start watching **/pom.xml'
13:10:43 [INFO] - pom.xml watched in 0.449ms
13:10:43 [INFO] - SAP Fiori tools - Application Modeler
'Migration start watching **/neo-app.json'
13:10:43 [INFO] - WATCH_NEO_APP_JSON_CHANGES in 0.657ms
13:10:43 [INFO] - ...migration module activated in 3.581ms
13:10:43 [INFO] - activation sequence for Fiori tools - Application Modeler done in 1458.130ms
13:21:39 [INFO] - Post application generation command received. New app root: /home/user/projects/products_manager
