[2022-11-15 13:43:32.902] [exthost] [error] [SAPSE.sap-ux-annotation-modeler-extension] provider FAILED
[2022-11-15 13:43:32.902] [exthost] [error] Error: Connection got disposed.
	at Object.dispose (/extbin/local/openvscode-server/extensions/sap-ux-annotation-modeler-extension-1.8.1/dist/extension.js:29:4134)
	at Object.dispose (/extbin/local/openvscode-server/extensions/sap-ux-annotation-modeler-extension-1.8.1/dist/extension.js:34:9601)
	at Sq.handleConnectionClosed (/extbin/local/openvscode-server/extensions/sap-ux-annotation-modeler-extension-1.8.1/dist/extension.js:36:9085)
	at Sq.handleConnectionClosed (/extbin/local/openvscode-server/extensions/sap-ux-annotation-modeler-extension-1.8.1/dist/extension.js:39:12262)
	at r (/extbin/local/openvscode-server/extensions/sap-ux-annotation-modeler-extension-1.8.1/dist/extension.js:36:8766)
	at _N.invoke (/extbin/local/openvscode-server/extensions/sap-ux-annotation-modeler-extension-1.8.1/dist/extension.js:2:9670)
	at dm.fire (/extbin/local/openvscode-server/extensions/sap-ux-annotation-modeler-extension-1.8.1/dist/extension.js:2:10436)
	at rt (/extbin/local/openvscode-server/extensions/sap-ux-annotation-modeler-extension-1.8.1/dist/extension.js:3:10906)
	at _N.invoke (/extbin/local/openvscode-server/extensions/sap-ux-annotation-modeler-extension-1.8.1/dist/extension.js:2:9670)
	at dm.fire (/extbin/local/openvscode-server/extensions/sap-ux-annotation-modeler-extension-1.8.1/dist/extension.js:2:10436)
	at zN.fireClose (/extbin/local/openvscode-server/extensions/sap-ux-annotation-modeler-extension-1.8.1/dist/extension.js:2:12716)
	at ChildProcess.<anonymous> (/extbin/local/openvscode-server/extensions/sap-ux-annotation-modeler-extension-1.8.1/dist/extension.js:29:12045)
	at ChildProcess.emit (node:events:402:35)
	at maybeClose (node:internal/child_process:1064:16)
	at Process.ChildProcess._handle.onexit (node:internal/child_process:301:5)
[2022-11-15 13:44:15.229] [exthost] [error] [SAPSE.sap-ux-annotation-modeler-extension] provider FAILED
[2022-11-15 13:44:15.229] [exthost] [error] Error: Connection got disposed.
	at Object.dispose (/extbin/local/openvscode-server/extensions/sap-ux-annotation-modeler-extension-1.8.1/dist/extension.js:29:4134)
	at Object.dispose (/extbin/local/openvscode-server/extensions/sap-ux-annotation-modeler-extension-1.8.1/dist/extension.js:34:9601)
	at Sq.handleConnectionClosed (/extbin/local/openvscode-server/extensions/sap-ux-annotation-modeler-extension-1.8.1/dist/extension.js:36:9085)
	at Sq.handleConnectionClosed (/extbin/local/openvscode-server/extensions/sap-ux-annotation-modeler-extension-1.8.1/dist/extension.js:39:12262)
	at r (/extbin/local/openvscode-server/extensions/sap-ux-annotation-modeler-extension-1.8.1/dist/extension.js:36:8766)
	at _N.invoke (/extbin/local/openvscode-server/extensions/sap-ux-annotation-modeler-extension-1.8.1/dist/extension.js:2:9670)
	at dm.fire (/extbin/local/openvscode-server/extensions/sap-ux-annotation-modeler-extension-1.8.1/dist/extension.js:2:10436)
	at rt (/extbin/local/openvscode-server/extensions/sap-ux-annotation-modeler-extension-1.8.1/dist/extension.js:3:10906)
	at _N.invoke (/extbin/local/openvscode-server/extensions/sap-ux-annotation-modeler-extension-1.8.1/dist/extension.js:2:9670)
	at dm.fire (/extbin/local/openvscode-server/extensions/sap-ux-annotation-modeler-extension-1.8.1/dist/extension.js:2:10436)
	at zN.fireClose (/extbin/local/openvscode-server/extensions/sap-ux-annotation-modeler-extension-1.8.1/dist/extension.js:2:12716)
	at ChildProcess.<anonymous> (/extbin/local/openvscode-server/extensions/sap-ux-annotation-modeler-extension-1.8.1/dist/extension.js:29:12045)
	at ChildProcess.emit (node:events:402:35)
	at maybeClose (node:internal/child_process:1064:16)
	at Process.ChildProcess._handle.onexit (node:internal/child_process:301:5)
